<?xml version="1.0" encoding="UTF-8"?>
<testng-results skipped="0" failed="0" ignored="0" total="1" passed="1">
  <reporter-output>
  </reporter-output>
  <suite name="Suite" duration-ms="31362" started-at="2018-11-02T19:48:50Z" finished-at="2018-11-02T19:49:22Z">
    <groups>
    </groups>
    <test name="Test" duration-ms="31362" started-at="2018-11-02T19:48:50Z" finished-at="2018-11-02T19:49:22Z">
      <class name="TestMOBDesktopChrome">
        <test-method status="PASS" signature="setUp()[pri:0, instance:TestMOBDesktopChrome@17cd7a0]" name="setUp" is-config="true" duration-ms="23781" started-at="2018-11-02T19:48:50Z" finished-at="2018-11-02T19:49:14Z">
          <reporter-output>
          </reporter-output>
        </test-method> <!-- setUp -->
        <test-method status="PASS" signature="TestCaseOne()[pri:0, instance:TestMOBDesktopChrome@17cd7a0]" name="TestCaseOne" duration-ms="4441" started-at="2018-11-02T19:49:14Z" finished-at="2018-11-02T19:49:19Z">
          <reporter-output>
          </reporter-output>
        </test-method> <!-- TestCaseOne -->
        <test-method status="PASS" signature="TearDown()[pri:0, instance:TestMOBDesktopChrome@17cd7a0]" name="TearDown" is-config="true" duration-ms="3114" started-at="2018-11-02T19:49:19Z" finished-at="2018-11-02T19:49:22Z">
          <reporter-output>
          </reporter-output>
        </test-method> <!-- TearDown -->
      </class> <!-- TestMOBDesktopChrome -->
    </test> <!-- Test -->
  </suite> <!-- Suite -->
</testng-results>
