<?xml version="1.0" encoding="UTF-8"?>
<testng-results skipped="0" failed="0" ignored="0" total="1" passed="1">
  <reporter-output>
  </reporter-output>
  <suite name="Default suite" duration-ms="17936" started-at="2018-11-05T18:29:44Z" finished-at="2018-11-05T18:30:02Z">
    <groups>
    </groups>
    <test name="Default test" duration-ms="17936" started-at="2018-11-05T18:29:44Z" finished-at="2018-11-05T18:30:02Z">
      <class name="TestMOBDesktopChrome">
        <test-method status="PASS" signature="setUp()[pri:0, instance:TestMOBDesktopChrome@42a311]" name="setUp" is-config="true" duration-ms="11676" started-at="2018-11-05T18:29:44Z" finished-at="2018-11-05T18:29:56Z">
          <reporter-output>
          </reporter-output>
        </test-method> <!-- setUp -->
        <test-method status="PASS" signature="TestCaseOne()[pri:0, instance:TestMOBDesktopChrome@42a311]" name="TestCaseOne" duration-ms="4370" started-at="2018-11-05T18:29:56Z" finished-at="2018-11-05T18:30:00Z">
          <reporter-output>
          </reporter-output>
        </test-method> <!-- TestCaseOne -->
        <test-method status="PASS" signature="TearDown()[pri:0, instance:TestMOBDesktopChrome@42a311]" name="TearDown" is-config="true" duration-ms="1857" started-at="2018-11-05T18:30:00Z" finished-at="2018-11-05T18:30:02Z">
          <reporter-output>
          </reporter-output>
        </test-method> <!-- TearDown -->
      </class> <!-- TestMOBDesktopChrome -->
    </test> <!-- Default test -->
  </suite> <!-- Default suite -->
</testng-results>
